2025-08-13 23:34:56,139 INFO Bulletproof launcher started with path: D:\\Tools\\Adobe\\Adobe Lightroom Classic\\Lightroom.exe
2025-08-13 23:34:56,139 INFO Starting bulletproof launch for: D:\\Tools\\Adobe\\Adobe Lightroom Classic\\Lightroom.exe
2025-08-13 23:34:56,139 INFO Process in job: True
2025-08-13 23:34:56,139 INFO Job limit flags: 0x00003000
2025-08-13 23:34:56,139 INFO Job restrictions: {'kill_on_close': True, 'breakaway_ok': False, 'silent_breakaway_ok': True}
2025-08-13 23:34:56,139 WARNING ⚠️ Detected KILL_ON_JOB_CLOSE - using only strongest isolation methods
2025-08-13 23:34:56,139 INFO Trying method: Scheduled Task
2025-08-13 23:34:56,140 INFO Attempting scheduled task launch...
2025-08-13 23:34:56,142 INFO Creating task: schtasks /create /tn LightroomLauncher_b9339c4c /tr "D:\\Tools\\Adobe\\Adobe Lightroom Classic\\Lightroom.exe" /sc once /st 00:01 /f
2025-08-13 23:34:56,190 INFO Task creation result: 0
2025-08-13 23:34:56,190 INFO Task creation output: SUCCESS: The scheduled task "LightroomLauncher_b9339c4c" has successfully been created.

2025-08-13 23:34:56,190 INFO Running task: schtasks /run /tn LightroomLauncher_b9339c4c
2025-08-13 23:34:56,209 INFO Task run result: 0
2025-08-13 23:34:56,209 INFO ✅ Scheduled task launched successfully
2025-08-13 23:34:59,302 INFO 🎉 SUCCESS: Scheduled Task launched Lightroom successfully!
2025-08-13 23:34:59,302 INFO ✅ Bulletproof launch completed successfully
2025-08-13 23:43:24,329 INFO Bulletproof launcher started with path: D:\\Tools\\Adobe\\Adobe Lightroom Classic\\Lightroom.exe
2025-08-13 23:43:24,329 INFO Starting bulletproof launch for: D:\\Tools\\Adobe\\Adobe Lightroom Classic\\Lightroom.exe
2025-08-13 23:43:24,329 INFO Process in job: True
2025-08-13 23:43:24,329 INFO Job limit flags: 0x00003000
2025-08-13 23:43:24,329 INFO Job restrictions: {'kill_on_close': True, 'breakaway_ok': False, 'silent_breakaway_ok': True}
2025-08-13 23:43:24,329 WARNING ⚠️ Detected KILL_ON_JOB_CLOSE - using only strongest isolation methods
2025-08-13 23:43:24,329 INFO Trying method: Scheduled Task
2025-08-13 23:43:24,329 INFO Attempting scheduled task launch...
2025-08-13 23:43:24,329 INFO Creating task: schtasks /create /tn LightroomLauncher_9f1578d6 /tr "D:\\Tools\\Adobe\\Adobe Lightroom Classic\\Lightroom.exe" /sc once /st 00:01 /f
2025-08-13 23:43:24,373 INFO Task creation result: 0
2025-08-13 23:43:24,373 INFO Task creation output: SUCCESS: The scheduled task "LightroomLauncher_9f1578d6" has successfully been created.

2025-08-13 23:43:24,373 INFO Running task: schtasks /run /tn LightroomLauncher_9f1578d6
2025-08-13 23:43:24,392 INFO Task run result: 0
2025-08-13 23:43:24,393 INFO ✅ Scheduled task launched successfully
2025-08-13 23:43:27,497 INFO 🎉 SUCCESS: Scheduled Task launched Lightroom successfully!
2025-08-13 23:43:27,497 INFO ✅ Bulletproof launch completed successfully
2025-08-18 06:56:52,764 INFO Bulletproof launcher started with path: D:/Tools/Adobe/Adobe Lightroom Classic/Lightroom.exe
2025-08-18 06:56:52,765 INFO Starting bulletproof launch for: D:/Tools/Adobe/Adobe Lightroom Classic/Lightroom.exe
2025-08-18 06:56:52,765 INFO Process in job: True
2025-08-18 06:56:52,765 INFO Job limit flags: 0x00003000
2025-08-18 06:56:52,765 INFO Job restrictions: {'kill_on_close': True, 'breakaway_ok': False, 'silent_breakaway_ok': True}
2025-08-18 06:56:52,765 WARNING ⚠️ Detected KILL_ON_JOB_CLOSE - using only strongest isolation methods
2025-08-18 06:56:52,766 INFO Trying method: Scheduled Task
2025-08-18 06:56:52,766 INFO Attempting scheduled task launch...
2025-08-18 06:56:52,766 INFO Creating task: schtasks /create /tn LightroomLauncher_5d41ea31 /tr "D:/Tools/Adobe/Adobe Lightroom Classic/Lightroom.exe" /sc once /st 00:01 /f
2025-08-18 06:56:52,827 INFO Task creation result: 0
2025-08-18 06:56:52,827 INFO Task creation output: SUCCESS: The scheduled task "LightroomLauncher_5d41ea31" has successfully been created.

2025-08-18 06:56:52,827 INFO Running task: schtasks /run /tn LightroomLauncher_5d41ea31
2025-08-18 06:56:52,854 INFO Task run result: 0
2025-08-18 06:56:52,854 INFO ✅ Scheduled task launched successfully
2025-08-18 06:56:55,989 INFO 🎉 SUCCESS: Scheduled Task launched Lightroom successfully!
2025-08-18 06:56:55,989 INFO ✅ Bulletproof launch completed successfully
2025-08-19 18:47:11,580 INFO Bulletproof launcher started with path: D:\Tools\Adobe\Adobe Lightroom Classic\Lightroom.exe
2025-08-19 18:47:11,581 INFO Starting bulletproof launch for: D:\Tools\Adobe\Adobe Lightroom Classic\Lightroom.exe
2025-08-19 18:47:11,582 INFO Process in job: True
2025-08-19 18:47:11,582 INFO Job limit flags: 0x00003000
2025-08-19 18:47:11,582 INFO Job restrictions: {'kill_on_close': True, 'breakaway_ok': False, 'silent_breakaway_ok': True}
2025-08-19 18:47:11,582 WARNING ⚠️ Detected KILL_ON_JOB_CLOSE - using only strongest isolation methods
2025-08-19 18:47:11,582 INFO Trying method: Scheduled Task
2025-08-19 18:47:11,582 INFO Attempting scheduled task launch...
2025-08-19 18:47:11,582 INFO Creating task: schtasks /create /tn LightroomLauncher_273d3973 /tr "D:\Tools\Adobe\Adobe Lightroom Classic\Lightroom.exe" /sc once /st 00:01 /f
2025-08-19 18:47:11,642 INFO Task creation result: 0
2025-08-19 18:47:11,642 INFO Task creation output: SUCCESS: The scheduled task "LightroomLauncher_273d3973" has successfully been created.

2025-08-19 18:47:11,643 INFO Running task: schtasks /run /tn LightroomLauncher_273d3973
2025-08-19 18:47:11,668 INFO Task run result: 0
2025-08-19 18:47:11,668 INFO ✅ Scheduled task launched successfully
2025-08-19 18:47:14,837 INFO 🎉 SUCCESS: Scheduled Task launched Lightroom successfully!
2025-08-19 18:47:14,837 INFO ✅ Bulletproof launch completed successfully
2025-08-19 18:47:35,860 INFO Bulletproof launcher started with path: D:\Tools\Adobe\Adobe Lightroom Classic\Lightroom.exe
2025-08-19 18:47:35,860 INFO Starting bulletproof launch for: D:\Tools\Adobe\Adobe Lightroom Classic\Lightroom.exe
2025-08-19 18:47:35,860 INFO Process in job: True
2025-08-19 18:47:35,860 INFO Job limit flags: 0x00003000
2025-08-19 18:47:35,860 INFO Job restrictions: {'kill_on_close': True, 'breakaway_ok': False, 'silent_breakaway_ok': True}
2025-08-19 18:47:35,860 WARNING ⚠️ Detected KILL_ON_JOB_CLOSE - using only strongest isolation methods
2025-08-19 18:47:35,860 INFO Trying method: Scheduled Task
2025-08-19 18:47:35,860 INFO Attempting scheduled task launch...
2025-08-19 18:47:35,860 INFO Creating task: schtasks /create /tn LightroomLauncher_e20a141e /tr "D:\Tools\Adobe\Adobe Lightroom Classic\Lightroom.exe" /sc once /st 00:01 /f
2025-08-19 18:47:35,916 INFO Task creation result: 0
2025-08-19 18:47:35,916 INFO Task creation output: SUCCESS: The scheduled task "LightroomLauncher_e20a141e" has successfully been created.

2025-08-19 18:47:35,916 INFO Running task: schtasks /run /tn LightroomLauncher_e20a141e
2025-08-19 18:47:35,946 INFO Task run result: 0
2025-08-19 18:47:35,946 INFO ✅ Scheduled task launched successfully
2025-08-19 18:47:39,099 INFO 🎉 SUCCESS: Scheduled Task launched Lightroom successfully!
2025-08-19 18:47:39,100 INFO ✅ Bulletproof launch completed successfully
